<?xml version="1.0" encoding="UTF-8"?>
<!-- Generated by org.testng.reporters.JUnitReportReporter -->
<testsuite hostname="TYSS-Yogita" failures="0" tests="5" name="testNgTraining.TestCase03" time="3.595" errors="0" timestamp="2022-08-22T12:41:52 IST" skipped="0">
  <testcase classname="testNgTraining.TestCase03" name="twoStates" time="0.002"/>
  <system-out/>
  <testcase classname="testNgTraining.TestCase03" name="oliverTwist" time="0.001"/>
  <system-out/>
  <testcase classname="testNgTraining.TestCase03" name="theFaultInOurStars" time="3.585"/>
  <system-out/>
  <testcase classname="testNgTraining.TestCase03" name="harryPotter" time="0.002"/>
  <system-out/>
  <testcase classname="testNgTraining.TestCase03" name="alchemist" time="0.005"/>
  <system-out/>
</testsuite> <!-- testNgTraining.TestCase03 -->
