<?xml version="1.0" encoding="UTF-8"?>
<!-- Generated by org.testng.reporters.JUnitReportReporter -->
<testsuite hostname="TYSS-Yogita" failures="0" tests="3" name="testNgTraining.LoginTestCase" time="20.046" errors="0" timestamp="2022-08-22T16:04:03 IST" skipped="0">
  <testcase classname="testNgTraining.LoginTestCase" name="testcase1" time="6.675"/>
  <system-out/>
  <testcase classname="testNgTraining.LoginTestCase" name="testcase1" time="6.696"/>
  <system-out/>
  <testcase classname="testNgTraining.LoginTestCase" name="testcase1" time="6.675"/>
  <system-out/>
</testsuite> <!-- testNgTraining.LoginTestCase -->
