<?xml version="1.0" encoding="UTF-8"?>
<!-- Generated by org.testng.reporters.JUnitReportReporter -->
<testsuite hostname="TYSS-Yogita" failures="0" tests="3" name="testNgTraining.LearningDatadrivenTesting" time="0.008" errors="0" timestamp="2022-08-22T15:46:32 IST" skipped="0">
  <testcase classname="testNgTraining.LearningDatadrivenTesting" name="loginTestCase" time="0.006"/>
  <system-out/>
  <testcase classname="testNgTraining.LearningDatadrivenTesting" name="loginTestCase" time="0.001"/>
  <system-out/>
  <testcase classname="testNgTraining.LearningDatadrivenTesting" name="loginTestCase" time="0.001"/>
  <system-out/>
</testsuite> <!-- testNgTraining.LearningDatadrivenTesting -->
