<?xml version="1.0" encoding="UTF-8"?>
<!-- Generated by org.testng.reporters.JUnitReportReporter -->
<testsuite hostname="TYSS-Yogita" failures="0" tests="1" name="testNgTraining.BaseTest" time="1.353" errors="0" timestamp="2022-08-22T12:27:11 IST" skipped="0">
  <testcase classname="testNgTraining.BaseTest" name="testCase1" time="1.353"/>
  <system-out/>
</testsuite> <!-- testNgTraining.BaseTest -->
