<?xml version="1.0" encoding="UTF-8"?>
<!-- Generated by org.testng.reporters.JUnitReportReporter -->
<testsuite hostname="TYSS-Yogita" failures="0" tests="1" name="testNgTraining.TestCase02" time="2.190" errors="0" timestamp="2022-08-22T12:41:52 IST" skipped="0">
  <testcase classname="testNgTraining.TestCase02" name="lucifer" time="2.190"/>
  <system-out/>
</testsuite> <!-- testNgTraining.TestCase02 -->
