<?xml version="1.0" encoding="UTF-8"?>
<!-- Generated by org.testng.reporters.JUnitReportReporter -->
<testsuite hostname="TYSS-Yogita" failures="0" tests="1" name="testNgTraining.Case1" time="3.279" errors="0" timestamp="2022-08-22T13:15:26 IST" skipped="0">
  <testcase classname="testNgTraining.Case1" name="TestCase1" time="3.279"/>
  <system-out/>
</testsuite> <!-- testNgTraining.Case1 -->
